  cbc3.c
\cbc3.y(26,5): error C2061: 구문 오류: 식별자 'Node'
  (소스 파일 '../../../../../Users/kbm91/Desktop/컴파일러/please/cbc3.c'을(를) 컴파일하는 중)
  
\cbc3.h(98,1): error C2059: 구문 오류: '}'
  (소스 파일 '../../../../../Users/kbm91/Desktop/컴파일러/please/cbc3.c'을(를) 컴파일하는 중)
  
\cbc3.h(104,16): error C2061: 구문 오류: 식별자 'yylval'
  (소스 파일 '../../../../../Users/kbm91/Desktop/컴파일러/please/cbc3.c'을(를) 컴파일하는 중)
  
\cbc3.h(104,16): error C2059: 구문 오류: ';'
  (소스 파일 '../../../../../Users/kbm91/Desktop/컴파일러/please/cbc3.c'을(를) 컴파일하는 중)
  
\cbc3.y(16,18): error C2143: 구문 오류: ')'이(가) '*' 앞에 없습니다.
  (소스 파일 '../../../../../Users/kbm91/Desktop/컴파일러/please/cbc3.c'을(를) 컴파일하는 중)
  
\cbc3.y(16,18): error C2143: 구문 오류: '{'이(가) '*' 앞에 없습니다.
  (소스 파일 '../../../../../Users/kbm91/Desktop/컴파일러/please/cbc3.c'을(를) 컴파일하는 중)
  
\cbc3.y(16,19): error C2059: 구문 오류: ')'
  (소스 파일 '../../../../../Users/kbm91/Desktop/컴파일러/please/cbc3.c'을(를) 컴파일하는 중)
  
\cbc3.y(16,20): error C2059: 구문 오류: ';'
  (소스 파일 '../../../../../Users/kbm91/Desktop/컴파일러/please/cbc3.c'을(를) 컴파일하는 중)
  
\cbc3.y(19,18): error C2143: 구문 오류: ')'이(가) '*' 앞에 없습니다.
  (소스 파일 '../../../../../Users/kbm91/Desktop/컴파일러/please/cbc3.c'을(를) 컴파일하는 중)
  
\cbc3.y(19,18): error C2143: 구문 오류: '{'이(가) '*' 앞에 없습니다.
  (소스 파일 '../../../../../Users/kbm91/Desktop/컴파일러/please/cbc3.c'을(를) 컴파일하는 중)
  
\cbc3.y(19,19): error C2059: 구문 오류: ')'
  (소스 파일 '../../../../../Users/kbm91/Desktop/컴파일러/please/cbc3.c'을(를) 컴파일하는 중)
  
\cbc3.y(19,20): error C2059: 구문 오류: ';'
  (소스 파일 '../../../../../Users/kbm91/Desktop/컴파일러/please/cbc3.c'을(를) 컴파일하는 중)
  
\cbc3.y(20,5): error C2143: 구문 오류: '{'이(가) '*' 앞에 없습니다.
  (소스 파일 '../../../../../Users/kbm91/Desktop/컴파일러/please/cbc3.c'을(를) 컴파일하는 중)
  
\cbc3.y(21,5): error C2143: 구문 오류: '{'이(가) '*' 앞에 없습니다.
  (소스 파일 '../../../../../Users/kbm91/Desktop/컴파일러/please/cbc3.c'을(를) 컴파일하는 중)
  
\cbc3.y(21,27): error C2143: 구문 오류: ')'이(가) '*' 앞에 없습니다.
  (소스 파일 '../../../../../Users/kbm91/Desktop/컴파일러/please/cbc3.c'을(를) 컴파일하는 중)
  
\cbc3.y(21,23): error C2081: 'Node': 정식 매개 변수 목록에 있는 이름이 잘못되었습니다.
  (소스 파일 '../../../../../Users/kbm91/Desktop/컴파일러/please/cbc3.c'을(를) 컴파일하는 중)
  
\cbc3.y(21,27): error C2143: 구문 오류: '{'이(가) '*' 앞에 없습니다.
  (소스 파일 '../../../../../Users/kbm91/Desktop/컴파일러/please/cbc3.c'을(를) 컴파일하는 중)
  
\cbc3.y(21,28): error C2059: 구문 오류: ','
  (소스 파일 '../../../../../Users/kbm91/Desktop/컴파일러/please/cbc3.c'을(를) 컴파일하는 중)
  
\cbc3.y(21,35): error C2059: 구문 오류: ')'
  (소스 파일 '../../../../../Users/kbm91/Desktop/컴파일러/please/cbc3.c'을(를) 컴파일하는 중)
  
\cbc3.y(22,5): error C2143: 구문 오류: '{'이(가) '*' 앞에 없습니다.
  (소스 파일 '../../../../../Users/kbm91/Desktop/컴파일러/please/cbc3.c'을(를) 컴파일하는 중)
  
\cbc3.y(22,24): error C2143: 구문 오류: ')'이(가) '*' 앞에 없습니다.
  (소스 파일 '../../../../../Users/kbm91/Desktop/컴파일러/please/cbc3.c'을(를) 컴파일하는 중)
  
\cbc3.y(22,24): error C2143: 구문 오류: '{'이(가) '*' 앞에 없습니다.
  (소스 파일 '../../../../../Users/kbm91/Desktop/컴파일러/please/cbc3.c'을(를) 컴파일하는 중)
  
\cbc3.y(22,25): error C2059: 구문 오류: ','
  (소스 파일 '../../../../../Users/kbm91/Desktop/컴파일러/please/cbc3.c'을(를) 컴파일하는 중)
  
\cbc3.y(22,32): error C2059: 구문 오류: ')'
  (소스 파일 '../../../../../Users/kbm91/Desktop/컴파일러/please/cbc3.c'을(를) 컴파일하는 중)
  
\cbc3.c(368,3): error C2061: 구문 오류: 식별자 'YYSTYPE'
  (소스 파일 '../../../../../Users/kbm91/Desktop/컴파일러/please/cbc3.c'을(를) 컴파일하는 중)
  
\cbc3.c(369,1): error C2059: 구문 오류: '}'
  (소스 파일 '../../../../../Users/kbm91/Desktop/컴파일러/please/cbc3.c'을(를) 컴파일하는 중)
  
\cbc3.c(1179,52): error C2143: 구문 오류: ')'이(가) '*' 앞에 없습니다.
  (소스 파일 '../../../../../Users/kbm91/Desktop/컴파일러/please/cbc3.c'을(를) 컴파일하는 중)
  
\cbc3.c(1179,44): error C2081: 'YYSTYPE': 정식 매개 변수 목록에 있는 이름이 잘못되었습니다.
  (소스 파일 '../../../../../Users/kbm91/Desktop/컴파일러/please/cbc3.c'을(를) 컴파일하는 중)
  
\cbc3.c(1179,52): error C2143: 구문 오류: '{'이(가) '*' 앞에 없습니다.
  (소스 파일 '../../../../../Users/kbm91/Desktop/컴파일러/please/cbc3.c'을(를) 컴파일하는 중)
  
\cbc3.c(1179,61): error C2059: 구문 오류: ')'
  (소스 파일 '../../../../../Users/kbm91/Desktop/컴파일러/please/cbc3.c'을(를) 컴파일하는 중)
  
\cbc3.c(1179,53): error C2054: 'yyvaluep' 다음에 '('가 필요합니다.
  (소스 파일 '../../../../../Users/kbm91/Desktop/컴파일러/please/cbc3.c'을(를) 컴파일하는 중)
  
\cbc3.c(1218,9): error C2061: 구문 오류: 식별자 'yylval'
  (소스 파일 '../../../../../Users/kbm91/Desktop/컴파일러/please/cbc3.c'을(를) 컴파일하는 중)
  
\cbc3.c(1218,9): error C2059: 구문 오류: ';'
  (소스 파일 '../../../../../Users/kbm91/Desktop/컴파일러/please/cbc3.c'을(를) 컴파일하는 중)
  
\cbc3.c(1267,5): error C2065: 'YYSTYPE': 선언되지 않은 식별자입니다.
  (소스 파일 '../../../../../Users/kbm91/Desktop/컴파일러/please/cbc3.c'을(를) 컴파일하는 중)
  
\cbc3.c(1267,13): error C2146: 구문 오류: ';'이(가) 'yyvsa' 식별자 앞에 없습니다.
  (소스 파일 '../../../../../Users/kbm91/Desktop/컴파일러/please/cbc3.c'을(를) 컴파일하는 중)
  
\cbc3.c(1267,13): error C2065: 'yyvsa': 선언되지 않은 식별자입니다.
  (소스 파일 '../../../../../Users/kbm91/Desktop/컴파일러/please/cbc3.c'을(를) 컴파일하는 중)
  
\cbc3.c(1267,18): error C2109: 첨자는 배열 또는 포인터 형식을 사용해야 합니다.
  (소스 파일 '../../../../../Users/kbm91/Desktop/컴파일러/please/cbc3.c'을(를) 컴파일하는 중)
  
\cbc3.c(1268,5): error C2065: 'YYSTYPE': 선언되지 않은 식별자입니다.
  (소스 파일 '../../../../../Users/kbm91/Desktop/컴파일러/please/cbc3.c'을(를) 컴파일하는 중)
  
\cbc3.c(1268,14): error C2065: 'yyvs': 선언되지 않은 식별자입니다.
  (소스 파일 '../../../../../Users/kbm91/Desktop/컴파일러/please/cbc3.c'을(를) 컴파일하는 중)
  
\cbc3.c(1268,13): warning C4552: '*': 식의 결과가 사용되지 않습니다.
  (소스 파일 '../../../../../Users/kbm91/Desktop/컴파일러/please/cbc3.c'을(를) 컴파일하는 중)
  
\cbc3.c(1269,5): error C2065: 'YYSTYPE': 선언되지 않은 식별자입니다.
  (소스 파일 '../../../../../Users/kbm91/Desktop/컴파일러/please/cbc3.c'을(를) 컴파일하는 중)
  
\cbc3.c(1269,14): error C2065: 'yyvsp': 선언되지 않은 식별자입니다.
  (소스 파일 '../../../../../Users/kbm91/Desktop/컴파일러/please/cbc3.c'을(를) 컴파일하는 중)
  
\cbc3.c(1269,13): warning C4552: '*': 식의 결과가 사용되지 않습니다.
  (소스 파일 '../../../../../Users/kbm91/Desktop/컴파일러/please/cbc3.c'을(를) 컴파일하는 중)
  
\cbc3.c(1279,3): error C2065: 'YYSTYPE': 선언되지 않은 식별자입니다.
  (소스 파일 '../../../../../Users/kbm91/Desktop/컴파일러/please/cbc3.c'을(를) 컴파일하는 중)
  
\cbc3.c(1279,11): error C2146: 구문 오류: ';'이(가) 'yyval' 식별자 앞에 없습니다.
  (소스 파일 '../../../../../Users/kbm91/Desktop/컴파일러/please/cbc3.c'을(를) 컴파일하는 중)
  
\cbc3.c(1279,11): error C2065: 'yyval': 선언되지 않은 식별자입니다.
  (소스 파일 '../../../../../Users/kbm91/Desktop/컴파일러/please/cbc3.c'을(를) 컴파일하는 중)
  
\cbc3.c(1295,3): error C2065: 'yyvsp': 선언되지 않은 식별자입니다.
  (소스 파일 '../../../../../Users/kbm91/Desktop/컴파일러/please/cbc3.c'을(를) 컴파일하는 중)
  
\cbc3.c(1295,11): error C2065: 'yyvs': 선언되지 않은 식별자입니다.
  (소스 파일 '../../../../../Users/kbm91/Desktop/컴파일러/please/cbc3.c'을(를) 컴파일하는 중)
  
\cbc3.c(1295,18): error C2065: 'yyvsa': 선언되지 않은 식별자입니다.
  (소스 파일 '../../../../../Users/kbm91/Desktop/컴파일러/please/cbc3.c'을(를) 컴파일하는 중)
  
\cbc3.c(1356,37): error C2065: 'YYSTYPE': 선언되지 않은 식별자입니다.
  (소스 파일 '../../../../../Users/kbm91/Desktop/컴파일러/please/cbc3.c'을(를) 컴파일하는 중)
  
\cbc3.c(1356,37): error C2027: 정의되지 않은 형식 'yyalloc'을(를) 사용했습니다.
  (소스 파일 '../../../../../Users/kbm91/Desktop/컴파일러/please/cbc3.c'을(를) 컴파일하는 중)
      /cbc3.c(365,7):
      'yyalloc' 선언을 참조하십시오.
  
\cbc3.c(1359,2): error C2037: 'yyss_alloc'의 왼쪽은 정의되지 않은 구조체/공용 구조체 'yyalloc'을(를) 지정합니다.
  (소스 파일 '../../../../../Users/kbm91/Desktop/컴파일러/please/cbc3.c'을(를) 컴파일하는 중)
  
\cbc3.c(1359,2): error C2027: 정의되지 않은 형식 'yyalloc'을(를) 사용했습니다.
  (소스 파일 '../../../../../Users/kbm91/Desktop/컴파일러/please/cbc3.c'을(를) 컴파일하는 중)
      /cbc3.c(365,7):
      'yyalloc' 선언을 참조하십시오.
  
\cbc3.c(1359,2): error C2036: 'yyalloc *': 알 수 없는 크기입니다.
  (소스 파일 '../../../../../Users/kbm91/Desktop/컴파일러/please/cbc3.c'을(를) 컴파일하는 중)
  
\cbc3.c(1360,2): error C2037: 'yyvs_alloc'의 왼쪽은 정의되지 않은 구조체/공용 구조체 'yyalloc'을(를) 지정합니다.
  (소스 파일 '../../../../../Users/kbm91/Desktop/컴파일러/please/cbc3.c'을(를) 컴파일하는 중)
  
\cbc3.c(1360,2): error C2065: 'yyvs': 선언되지 않은 식별자입니다.
  (소스 파일 '../../../../../Users/kbm91/Desktop/컴파일러/please/cbc3.c'을(를) 컴파일하는 중)
  
\cbc3.c(1360,2): error C2109: 첨자는 배열 또는 포인터 형식을 사용해야 합니다.
  (소스 파일 '../../../../../Users/kbm91/Desktop/컴파일러/please/cbc3.c'을(를) 컴파일하는 중)
  
\cbc3.c(1360,2): error C2100: 'int' 형식의 피연산자를 역참조할 수 없습니다.
  (소스 파일 '../../../../../Users/kbm91/Desktop/컴파일러/please/cbc3.c'을(를) 컴파일하는 중)
  
\cbc3.c(1360,2): error C2027: 정의되지 않은 형식 'yyalloc'을(를) 사용했습니다.
  (소스 파일 '../../../../../Users/kbm91/Desktop/컴파일러/please/cbc3.c'을(를) 컴파일하는 중)
      /cbc3.c(365,7):
      'yyalloc' 선언을 참조하십시오.
  
\cbc3.c(1360,2): error C2036: 'yyalloc *': 알 수 없는 크기입니다.
  (소스 파일 '../../../../../Users/kbm91/Desktop/컴파일러/please/cbc3.c'을(를) 컴파일하는 중)
  
\cbc3.c(1369,7): error C2065: 'yyvsp': 선언되지 않은 식별자입니다.
  (소스 파일 '../../../../../Users/kbm91/Desktop/컴파일러/please/cbc3.c'을(를) 컴파일하는 중)
  
\cbc3.c(1369,15): error C2065: 'yyvs': 선언되지 않은 식별자입니다.
  (소스 파일 '../../../../../Users/kbm91/Desktop/컴파일러/please/cbc3.c'을(를) 컴파일하는 중)
  
\cbc3.c(1445,6): error C2065: 'yyvsp': 선언되지 않은 식별자입니다.
  (소스 파일 '../../../../../Users/kbm91/Desktop/컴파일러/please/cbc3.c'을(를) 컴파일하는 중)
  
\cbc3.c(1445,3): error C2100: 'int' 형식의 피연산자를 역참조할 수 없습니다.
  (소스 파일 '../../../../../Users/kbm91/Desktop/컴파일러/please/cbc3.c'을(를) 컴파일하는 중)
  
\cbc3.c(1445,14): error C2065: 'yylval': 선언되지 않은 식별자입니다.
  (소스 파일 '../../../../../Users/kbm91/Desktop/컴파일러/please/cbc3.c'을(를) 컴파일하는 중)
  
\cbc3.c(1445,4): error C2106: '=': 왼쪽 피연산자는 l-value이어야 합니다.
  (소스 파일 '../../../../../Users/kbm91/Desktop/컴파일러/please/cbc3.c'을(를) 컴파일하는 중)
  
\cbc3.c(1476,3): error C2065: 'yyval': 선언되지 않은 식별자입니다.
  (소스 파일 '../../../../../Users/kbm91/Desktop/컴파일러/please/cbc3.c'을(를) 컴파일하는 중)
  
\cbc3.c(1476,11): error C2065: 'yyvsp': 선언되지 않은 식별자입니다.
  (소스 파일 '../../../../../Users/kbm91/Desktop/컴파일러/please/cbc3.c'을(를) 컴파일하는 중)
  
\cbc3.c(1476,16): error C2109: 첨자는 배열 또는 포인터 형식을 사용해야 합니다.
  (소스 파일 '../../../../../Users/kbm91/Desktop/컴파일러/please/cbc3.c'을(를) 컴파일하는 중)
  
\cbc3.y(43,9): warning C4013: 'codegen'이(가) 정의되지 않았습니다. extern은 int형을 반환하는 것으로 간주합니다.
  (소스 파일 '../../../../../Users/kbm91/Desktop/컴파일러/please/cbc3.c'을(를) 컴파일하는 중)
  
\cbc3.y(43,18): error C2065: 'yyvsp': 선언되지 않은 식별자입니다.
  (소스 파일 '../../../../../Users/kbm91/Desktop/컴파일러/please/cbc3.c'을(를) 컴파일하는 중)
  
\cbc3.y(43,23): error C2109: 첨자는 배열 또는 포인터 형식을 사용해야 합니다.
  (소스 파일 '../../../../../Users/kbm91/Desktop/컴파일러/please/cbc3.c'을(를) 컴파일하는 중)
  
\cbc3.y(49,8): error C2065: 'yyval': 선언되지 않은 식별자입니다.
  (소스 파일 '../../../../../Users/kbm91/Desktop/컴파일러/please/cbc3.c'을(를) 컴파일하는 중)
  
\cbc3.y(49,14): error C2224: '.ival' 왼쪽에는 구조체/공용 구조체 형식이 있어야 합니다.
  (소스 파일 '../../../../../Users/kbm91/Desktop/컴파일러/please/cbc3.c'을(를) 컴파일하는 중)
  
\cbc3.y(50,8): error C2065: 'yyval': 선언되지 않은 식별자입니다.
  (소스 파일 '../../../../../Users/kbm91/Desktop/컴파일러/please/cbc3.c'을(를) 컴파일하는 중)
  
\cbc3.y(50,14): error C2224: '.ival' 왼쪽에는 구조체/공용 구조체 형식이 있어야 합니다.
  (소스 파일 '../../../../../Users/kbm91/Desktop/컴파일러/please/cbc3.c'을(를) 컴파일하는 중)
  
\cbc3.y(51,8): error C2065: 'yyval': 선언되지 않은 식별자입니다.
  (소스 파일 '../../../../../Users/kbm91/Desktop/컴파일러/please/cbc3.c'을(를) 컴파일하는 중)
  
\cbc3.y(51,14): error C2224: '.ival' 왼쪽에는 구조체/공용 구조체 형식이 있어야 합니다.
  (소스 파일 '../../../../../Users/kbm91/Desktop/컴파일러/please/cbc3.c'을(를) 컴파일하는 중)
  
\cbc3.y(53,8): error C2065: 'yyval': 선언되지 않은 식별자입니다.
  (소스 파일 '../../../../../Users/kbm91/Desktop/컴파일러/please/cbc3.c'을(를) 컴파일하는 중)
  
\cbc3.y(53,14): error C2224: '.node' 왼쪽에는 구조체/공용 구조체 형식이 있어야 합니다.
  (소스 파일 '../../../../../Users/kbm91/Desktop/컴파일러/please/cbc3.c'을(를) 컴파일하는 중)
  
\cbc3.y(53,22): warning C4013: 'MakeListTree'이(가) 정의되지 않았습니다. extern은 int형을 반환하는 것으로 간주합니다.
  (소스 파일 '../../../../../Users/kbm91/Desktop/컴파일러/please/cbc3.c'을(를) 컴파일하는 중)
  
\cbc3.y(53,36): error C2065: 'yyvsp': 선언되지 않은 식별자입니다.
  (소스 파일 '../../../../../Users/kbm91/Desktop/컴파일러/please/cbc3.c'을(를) 컴파일하는 중)
  
\cbc3.y(53,41): error C2109: 첨자는 배열 또는 포인터 형식을 사용해야 합니다.
  (소스 파일 '../../../../../Users/kbm91/Desktop/컴파일러/please/cbc3.c'을(를) 컴파일하는 중)
  
\cbc3.y(53,61): error C2065: 'yyvsp': 선언되지 않은 식별자입니다.
  (소스 파일 '../../../../../Users/kbm91/Desktop/컴파일러/please/cbc3.c'을(를) 컴파일하는 중)
  
\cbc3.y(53,66): error C2109: 첨자는 배열 또는 포인터 형식을 사용해야 합니다.
  (소스 파일 '../../../../../Users/kbm91/Desktop/컴파일러/please/cbc3.c'을(를) 컴파일하는 중)
  
\cbc3.y(54,8): error C2065: 'yyval': 선언되지 않은 식별자입니다.
  (소스 파일 '../../../../../Users/kbm91/Desktop/컴파일러/please/cbc3.c'을(를) 컴파일하는 중)
  
\cbc3.y(54,14): error C2224: '.node' 왼쪽에는 구조체/공용 구조체 형식이 있어야 합니다.
  (소스 파일 '../../../../../Users/kbm91/Desktop/컴파일러/please/cbc3.c'을(를) 컴파일하는 중)
  
\cbc3.y(54,42): error C2065: 'yyvsp': 선언되지 않은 식별자입니다.
  (소스 파일 '../../../../../Users/kbm91/Desktop/컴파일러/please/cbc3.c'을(를) 컴파일하는 중)
  
\cbc3.y(54,47): error C2109: 첨자는 배열 또는 포인터 형식을 사용해야 합니다.
  (소스 파일 '../../../../../Users/kbm91/Desktop/컴파일러/please/cbc3.c'을(를) 컴파일하는 중)
  
\cbc3.y(57,8): error C2065: 'yyval': 선언되지 않은 식별자입니다.
  (소스 파일 '../../../../../Users/kbm91/Desktop/컴파일러/please/cbc3.c'을(를) 컴파일하는 중)
  
\cbc3.y(57,14): error C2224: '.node' 왼쪽에는 구조체/공용 구조체 형식이 있어야 합니다.
  (소스 파일 '../../../../../Users/kbm91/Desktop/컴파일러/please/cbc3.c'을(를) 컴파일하는 중)
  
\cbc3.y(57,23): error C2065: 'yyvsp': 선언되지 않은 식별자입니다.
  (소스 파일 '../../../../../Users/kbm91/Desktop/컴파일러/please/cbc3.c'을(를) 컴파일하는 중)
  
\cbc3.y(57,28): error C2109: 첨자는 배열 또는 포인터 형식을 사용해야 합니다.
  (소스 파일 '../../../../../Users/kbm91/Desktop/컴파일러/please/cbc3.c'을(를) 컴파일하는 중)
  
\cbc3.y(58,8): error C2065: 'yyval': 선언되지 않은 식별자입니다.
  (소스 파일 '../../../../../Users/kbm91/Desktop/컴파일러/please/cbc3.c'을(를) 컴파일하는 중)
  
\cbc3.y(58,14): error C2224: '.node' 왼쪽에는 구조체/공용 구조체 형식이 있어야 합니다.
  (소스 파일 '../../../../../Users/kbm91/Desktop/컴파일러/please/cbc3.c'을(를) 컴파일하는 중)
  
\cbc3.y(58,23): error C2065: 'yyvsp': 선언되지 않은 식별자입니다.
  (소스 파일 '../../../../../Users/kbm91/Desktop/컴파일러/please/cbc3.c'을(를) 컴파일하는 중)
  
\cbc3.y(58,28): error C2109: 첨자는 배열 또는 포인터 형식을 사용해야 합니다.
  (소스 파일 '../../../../../Users/kbm91/Desktop/컴파일러/please/cbc3.c'을(를) 컴파일하는 중)
  
\cbc3.y(59,8): error C2065: 'yyval': 선언되지 않은 식별자입니다.
  (소스 파일 '../../../../../Users/kbm91/Desktop/컴파일러/please/cbc3.c'을(를) 컴파일하는 중)
  
\cbc3.y(59,14): error C2224: '.node' 왼쪽에는 구조체/공용 구조체 형식이 있어야 합니다.
  (소스 파일 '../../../../../Users/kbm91/Desktop/컴파일러/please/cbc3.c'을(를) 컴파일하는 중)
  
\cbc3.y(59,14): error C1003: 오류 수가 100개를 초과했습니다. 컴파일을 중지합니다.
  (소스 파일 '../../../../../Users/kbm91/Desktop/컴파일러/please/cbc3.c'을(를) 컴파일하는 중)
  
  cbc3lex.c
\cbc3.y(26,5): error C2061: 구문 오류: 식별자 'Node'
  (소스 파일 '../../../../../Users/kbm91/Desktop/컴파일러/please/cbc3lex.c'을(를) 컴파일하는 중)
  
\cbc3.h(98,1): error C2059: 구문 오류: '}'
  (소스 파일 '../../../../../Users/kbm91/Desktop/컴파일러/please/cbc3lex.c'을(를) 컴파일하는 중)
  
\cbc3.h(104,16): error C2061: 구문 오류: 식별자 'yylval'
  (소스 파일 '../../../../../Users/kbm91/Desktop/컴파일러/please/cbc3lex.c'을(를) 컴파일하는 중)
  
\cbc3.h(104,16): error C2059: 구문 오류: ';'
  (소스 파일 '../../../../../Users/kbm91/Desktop/컴파일러/please/cbc3lex.c'을(를) 컴파일하는 중)
  
\cbc3.l(8,20): error C2065: 'MAXSYM': 선언되지 않은 식별자입니다.
  (소스 파일 '../../../../../Users/kbm91/Desktop/컴파일러/please/cbc3lex.c'을(를) 컴파일하는 중)
  
\cbc3.l(8,20): error C2057: 상수 식이 필요합니다.
  (소스 파일 '../../../../../Users/kbm91/Desktop/컴파일러/please/cbc3lex.c'을(를) 컴파일하는 중)
  
\cbc3.l(8,28): error C2065: 'MAXSYMLEN': 선언되지 않은 식별자입니다.
  (소스 파일 '../../../../../Users/kbm91/Desktop/컴파일러/please/cbc3lex.c'을(를) 컴파일하는 중)
  
\cbc3.l(8,28): error C2057: 상수 식이 필요합니다.
  (소스 파일 '../../../../../Users/kbm91/Desktop/컴파일러/please/cbc3lex.c'을(를) 컴파일하는 중)
  
\cbc3.l(8,13): error C2087: 'symtbl': 첨자가 없습니다.
  (소스 파일 '../../../../../Users/kbm91/Desktop/컴파일러/please/cbc3lex.c'을(를) 컴파일하는 중)
  
\cbc3.l(10,12): error C2143: 구문 오류: '{'이(가) '*' 앞에 없습니다.
  (소스 파일 '../../../../../Users/kbm91/Desktop/컴파일러/please/cbc3lex.c'을(를) 컴파일하는 중)
  
\cbc3.l(59,5): error C2065: 'yylval': 선언되지 않은 식별자입니다.
  (소스 파일 '../../../../../Users/kbm91/Desktop/컴파일러/please/cbc3lex.c'을(를) 컴파일하는 중)
  
\cbc3.l(59,12): error C2224: '.node' 왼쪽에는 구조체/공용 구조체 형식이 있어야 합니다.
  (소스 파일 '../../../../../Users/kbm91/Desktop/컴파일러/please/cbc3lex.c'을(를) 컴파일하는 중)
  
\cbc3.l(65,5): error C2065: 'yylval': 선언되지 않은 식별자입니다.
  (소스 파일 '../../../../../Users/kbm91/Desktop/컴파일러/please/cbc3lex.c'을(를) 컴파일하는 중)
  
\cbc3.l(65,12): error C2224: '.node' 왼쪽에는 구조체/공용 구조체 형식이 있어야 합니다.
  (소스 파일 '../../../../../Users/kbm91/Desktop/컴파일러/please/cbc3lex.c'을(를) 컴파일하는 중)
  
  코드를 생성하고 있습니다...
